{"user": "admin@admin.com", "path": "/dashboard/", "time_visited": "2024-09-23T21:38:58.353733+00:00"}
{"user": "admin@admin.com", "path": "/dashboard/revenue-data", "time_visited": "2024-09-23T21:38:58.504749+00:00"}
{"user": "admin@admin.com", "path": "/category/Materials", "time_visited": "2024-09-23T21:39:04.175757+00:00"}
{"user": "admin@admin.com", "path": "/media/category_images/home-decor.png", "time_visited": "2024-09-23T21:39:04.224811+00:00"}
{"user": "admin@admin.com", "path": "/media/category_images/furniture.jpg", "time_visited": "2024-09-23T21:39:04.225575+00:00"}
{"user": "admin@admin.com", "path": "/media/category_images/flooring.jpg", "time_visited": "2024-09-23T21:39:04.294777+00:00"}
{"user": "admin@admin.com", "path": "/category/Materials/Flooring", "time_visited": "2024-09-23T21:44:23.614312+00:00"}
{"user": "admin@admin.com", "path": "/media/category_images/carpet.png", "time_visited": "2024-09-23T21:44:23.670418+00:00"}
{"user": "admin@admin.com", "path": "/media/category_images/marble.jfif", "time_visited": "2024-09-23T21:44:23.681339+00:00"}
{"user": "admin@admin.com", "path": "/media/category_images/pexels-pixabay-301378.jpg", "time_visited": "2024-09-23T21:44:23.688912+00:00"}
{"user": "admin@admin.com", "path": "/category/Materials/Flooring/Marble", "time_visited": "2024-09-23T21:44:30.783566+00:00"}
{"user": "admin@admin.com", "path": "/material-provider/Materials/Flooring/Marble/698498", "time_visited": "2024-09-23T21:44:34.224763+00:00"}
{"user": "admin@admin.com", "path": "/category/Materials/Flooring", "time_visited": "2024-09-23T21:44:39.278336+00:00"}
{"user": "admin@admin.com", "path": "/category/Materials/Flooring/Carpet", "time_visited": "2024-09-23T21:44:40.556939+00:00"}
{"user": "admin@admin.com", "path": "/media/category_images/zar-logos-2.jpg", "time_visited": "2024-09-23T21:44:40.594258+00:00"}
{"user": "admin@admin.com", "path": "/category/Materials/Flooring/Carpet/International", "time_visited": "2024-09-23T21:44:41.683752+00:00"}
{"user": "admin@admin.com", "path": "/", "time_visited": "2024-09-23T21:59:18.114896+00:00"}
{"user": "admin@admin.com", "path": "/dashboard/", "time_visited": "2024-09-23T22:06:19.375999+00:00"}
{"user": "admin@admin.com", "path": "/dashboard/", "time_visited": "2024-09-23T22:06:51.370048+00:00"}
{"user": "admin@admin.com", "path": "/dashboard/", "time_visited": "2024-09-23T22:06:52.313533+00:00"}
{"user": "admin@admin.com", "path": "/dashboard/", "time_visited": "2024-09-23T22:07:04.418210+00:00"}
{"user": "admin@admin.com", "path": "/dashboard/", "time_visited": "2024-09-23T22:07:45.476487+00:00"}
{"user": "admin@admin.com", "path": "/dashboard/", "time_visited": "2024-09-23T22:08:05.218522+00:00"}
{"user": "admin@admin.com", "path": "/dashboard/", "time_visited": "2024-09-23T22:08:29.137455+00:00"}
{"user": "admin@admin.com", "path": "/dashboard/", "time_visited": "2024-09-23T22:08:44.777798+00:00"}
{"user": "admin@admin.com", "path": "/dashboard/", "time_visited": "2024-09-23T22:09:06.779204+00:00"}
{"user": "admin@admin.com", "path": "/dashboard/", "time_visited": "2024-09-23T22:09:14.739157+00:00"}
{"user": "admin@admin.com", "path": "/dashboard/", "time_visited": "2024-09-23T22:09:27.602711+00:00"}
{"user": "admin@admin.com", "path": "/dashboard/", "time_visited": "2024-09-23T22:09:30.263153+00:00"}
{"user": "admin@admin.com", "path": "/dashboard/", "time_visited": "2024-09-23T22:11:01.680006+00:00"}
{"user": "admin@admin.com", "path": "/dashboard/", "time_visited": "2024-09-23T22:11:42.748764+00:00"}
{"user": "admin@admin.com", "path": "/dashboard/", "time_visited": "2024-09-23T22:11:56.544877+00:00"}
{"user": "admin@admin.com", "path": "/dashboard/", "time_visited": "2024-09-23T22:13:28.225431+00:00"}
{"user": "admin@admin.com", "path": "/dashboard/", "time_visited": "2024-09-23T22:13:40.288260+00:00"}
{"user": "admin@admin.com", "path": "/dashboard/", "time_visited": "2024-09-23T22:14:17.423040+00:00"}
{"user": "admin@admin.com", "path": "/dashboard/", "time_visited": "2024-09-23T22:15:19.104579+00:00"}
{"user": "admin@admin.com", "path": "/dashboard/", "time_visited": "2024-09-23T22:15:32.047374+00:00"}
{"user": "admin@admin.com", "path": "/dashboard/", "time_visited": "2024-09-23T22:15:33.322021+00:00"}
{"user": "admin@admin.com", "path": "/dashboard/", "time_visited": "2024-09-23T22:15:54.186559+00:00"}
{"user": "admin@admin.com", "path": "/dashboard/", "time_visited": "2024-09-23T22:16:30.599629+00:00"}
{"user": "admin@admin.com", "path": "/dashboard/", "time_visited": "2024-09-23T22:17:13.487142+00:00"}
{"user": "admin@admin.com", "path": "/dashboard/", "time_visited": "2024-09-23T22:17:14.937276+00:00"}
{"user": "admin@admin.com", "path": "/dashboard/", "time_visited": "2024-09-23T22:17:34.569425+00:00"}
{"user": "admin@admin.com", "path": "/dashboard/", "time_visited": "2024-09-23T22:17:58.176441+00:00"}
{"user": "admin@admin.com", "path": "/dashboard/", "time_visited": "2024-09-23T22:18:47.334055+00:00"}
{"user": "admin@admin.com", "path": "/dashboard/", "time_visited": "2024-09-23T22:19:56.991063+00:00"}
{"user": "admin@admin.com", "path": "/dashboard/", "time_visited": "2024-09-23T22:20:15.510428+00:00"}
{"user": "admin@admin.com", "path": "/dashboard/", "time_visited": "2024-09-23T22:20:44.519001+00:00"}
{"user": "admin@admin.com", "path": "/dashboard/", "time_visited": "2024-09-23T22:21:24.571688+00:00"}
{"user": "admin@admin.com", "path": "/dashboard/", "time_visited": "2024-09-23T22:22:39.385793+00:00"}
{"user": "admin@admin.com", "path": "/dashboard/", "time_visited": "2024-09-23T22:26:43.879864+00:00"}
{"user": "admin@admin.com", "path": "/dashboard/", "time_visited": "2024-09-23T22:26:46.005025+00:00"}
{"user": "admin@admin.com", "path": "/login", "time_visited": "2024-09-24T06:49:10.252625+00:00"}
{"user": "admin@admin.com", "path": "/dashboard/", "time_visited": "2024-09-24T06:49:10.320149+00:00"}
{"user": "admin@admin.com", "path": "/dashboard/", "time_visited": "2024-09-24T06:51:04.170890+00:00"}
{"user": "admin@admin.com", "path": "/dashboard/", "time_visited": "2024-09-24T06:51:30.150185+00:00"}
{"user": "admin@admin.com", "path": "/dashboard/", "time_visited": "2024-09-24T06:52:17.272245+00:00"}
{"user": "admin@admin.com", "path": "/dashboard/", "time_visited": "2024-09-24T06:53:53.521939+00:00"}
{"user": "admin@admin.com", "path": "/dashboard/", "time_visited": "2024-09-24T06:54:08.779495+00:00"}
{"user": "admin@admin.com", "path": "/dashboard/", "time_visited": "2024-09-24T06:54:16.204095+00:00"}
{"user": "admin@admin.com", "path": "/dashboard/", "time_visited": "2024-09-24T06:54:17.926804+00:00"}
{"user": "admin@admin.com", "path": "/dashboard/", "time_visited": "2024-09-24T06:54:29.402870+00:00"}
{"user": "admin@admin.com", "path": "/dashboard/", "time_visited": "2024-09-24T06:54:33.888242+00:00"}
{"user": "admin@admin.com", "path": "/dashboard/", "time_visited": "2024-09-24T06:55:25.554271+00:00"}
{"user": "admin@admin.com", "path": "/dashboard/", "time_visited": "2024-09-24T06:55:46.292769+00:00"}
{"user": "admin@admin.com", "path": "/dashboard/", "time_visited": "2024-09-24T06:58:01.226913+00:00"}
{"user": "admin@admin.com", "path": "/dashboard/", "time_visited": "2024-09-24T06:58:34.482684+00:00"}
{"user": "admin@admin.com", "path": "/dashboard/", "time_visited": "2024-09-24T07:00:12.903284+00:00"}
{"user": "admin@admin.com", "path": "/dashboard/", "time_visited": "2024-09-24T07:00:31.938437+00:00"}
{"user": "admin@admin.com", "path": "/dashboard/", "time_visited": "2024-09-24T07:03:42.172064+00:00"}
{"user": "admin@admin.com", "path": "/dashboard/", "time_visited": "2024-09-24T07:03:57.541454+00:00"}
{"user": "admin@admin.com", "path": "/dashboard/", "time_visited": "2024-09-24T07:05:22.690925+00:00"}
{"user": "admin@admin.com", "path": "/dashboard/users", "time_visited": "2024-09-24T07:05:48.490984+00:00"}
{"user": "admin@admin.com", "path": "/dashboard/", "time_visited": "2024-09-24T07:05:57.120491+00:00"}
{"user": "admin@admin.com", "path": "/dashboard/", "time_visited": "2024-09-24T07:06:01.118094+00:00"}
{"user": "admin@admin.com", "path": "/dashboard/", "time_visited": "2024-09-24T07:06:25.589101+00:00"}
{"user": "admin@admin.com", "path": "/dashboard/", "time_visited": "2024-09-24T07:06:55.618244+00:00"}
{"user": "admin@admin.com", "path": "/dashboard/brand", "time_visited": "2024-09-24T07:07:13.769864+00:00"}
{"user": "admin@admin.com", "path": "/dashboard/edit-brand/698498", "time_visited": "2024-09-24T07:07:27.430206+00:00"}
{"user": "admin@admin.com", "path": "/dashboard/", "time_visited": "2024-09-24T07:08:02.901416+00:00"}
{"user": "admin@admin.com", "path": "/dashboard/", "time_visited": "2024-09-24T07:08:05.763029+00:00"}
{"user": "admin@admin.com", "path": "/dashboard/", "time_visited": "2024-09-24T07:09:18.526501+00:00"}
{"user": "admin@admin.com", "path": "/dashboard/", "time_visited": "2024-09-24T07:09:19.946965+00:00"}
{"user": "admin@admin.com", "path": "/dashboard/", "time_visited": "2024-09-24T07:09:26.272028+00:00"}
{"user": "admin@admin.com", "path": "/dashboard/", "time_visited": "2024-09-24T07:09:53.230639+00:00"}
{"user": "admin@admin.com", "path": "/dashboard/category", "time_visited": "2024-09-24T07:11:44.042998+00:00"}
{"user": "admin@admin.com", "path": "/dashboard/brand", "time_visited": "2024-09-24T07:12:00.382929+00:00"}
{"user": "admin@admin.com", "path": "/dashboard/users", "time_visited": "2024-09-24T07:12:02.369114+00:00"}
{"user": "admin@admin.com", "path": "/material-provider", "time_visited": "2024-09-24T07:12:09.799486+00:00"}
{"user": "admin@admin.com", "path": "/material-provider", "time_visited": "2024-09-24T07:12:31.657658+00:00"}
{"user": "admin@admin.com", "path": "/material-provider", "time_visited": "2024-09-24T07:12:38.990144+00:00"}
{"user": "admin@admin.com", "path": "/dashboard/users", "time_visited": "2024-09-24T07:12:51.652287+00:00"}
{"user": "admin@admin.com", "path": "/service-provider", "time_visited": "2024-09-24T07:12:53.866994+00:00"}
{"user": "admin@admin.com", "path": "/dashboard/", "time_visited": "2024-09-24T07:13:53.701014+00:00"}
{"user": "admin@admin.com", "path": "/service-provider", "time_visited": "2024-09-24T07:13:57.542897+00:00"}
{"user": "admin@admin.com", "path": "/dashboard/", "time_visited": "2024-09-24T07:14:03.431571+00:00"}
{"user": "admin@admin.com", "path": "/dashboard/", "time_visited": "2024-09-24T07:20:57.211935+00:00"}
{"user": "jameskind91@gmail.com", "path": "/login", "time_visited": "2024-09-24T07:20:59.392750+00:00"}
{"user": "jameskind91@gmail.com", "path": "/login", "time_visited": "2024-09-24T07:21:00.189005+00:00"}
{"user": "jameskind91@gmail.com", "path": "/splash", "time_visited": "2024-09-24T07:21:00.318136+00:00"}
{"user": "jameskind91@gmail.com", "path": "/", "time_visited": "2024-09-24T07:21:03.571442+00:00"}
{"user": "jameskind91@gmail.com", "path": "/category/Services", "time_visited": "2024-09-24T07:21:10.540002+00:00"}
{"user": "jameskind91@gmail.com", "path": "/category/Services/Interior Designer", "time_visited": "2024-09-24T07:21:14.996674+00:00"}
{"user": "jameskind91@gmail.com", "path": "/category/Services/Interior Designer/Residential", "time_visited": "2024-09-24T07:21:23.404240+00:00"}
{"user": "jameskind91@gmail.com", "path": "/category/Services/Interior Designer/Residential", "time_visited": "2024-09-24T07:22:04.367718+00:00"}
{"user": "admin@admin.com", "path": "/dashboard/", "time_visited": "2024-09-24T07:22:27.968385+00:00"}
{"user": "jameskind91@gmail.com", "path": "/", "time_visited": "2024-09-24T07:22:29.246357+00:00"}
{"user": "jameskind91@gmail.com", "path": "/category/Services", "time_visited": "2024-09-24T07:22:31.531418+00:00"}
{"user": "jameskind91@gmail.com", "path": "/category/Services/Interior Designer", "time_visited": "2024-09-24T07:22:33.821052+00:00"}
{"user": "jameskind91@gmail.com", "path": "/category/Services/Interior Designer/Residential", "time_visited": "2024-09-24T07:22:34.989943+00:00"}
{"user": "jameskind91@gmail.com", "path": "/", "time_visited": "2024-09-24T07:22:43.039976+00:00"}
{"user": "jameskind91@gmail.com", "path": "/category/Services", "time_visited": "2024-09-24T07:22:44.399909+00:00"}
{"user": "jameskind91@gmail.com", "path": "/", "time_visited": "2024-09-24T07:22:46.567297+00:00"}
{"user": "jameskind91@gmail.com", "path": "/category/Materials", "time_visited": "2024-09-24T07:22:47.659154+00:00"}
{"user": "jameskind91@gmail.com", "path": "/category/Materials/Furniture", "time_visited": "2024-09-24T07:22:56.550119+00:00"}
{"user": "jameskind91@gmail.com", "path": "/category/Materials/Furniture/International", "time_visited": "2024-09-24T07:22:59.161870+00:00"}
{"user": "jameskind91@gmail.com", "path": "/category/Materials/Furniture/International/China", "time_visited": "2024-09-24T07:23:02.742594+00:00"}
{"user": "jameskind91@gmail.com", "path": "/material-provider/Materials/Furniture/International/China/562976", "time_visited": "2024-09-24T07:23:04.231678+00:00"}
{"user": "admin@admin.com", "path": "/dashboard/", "time_visited": "2024-09-24T07:27:58.266348+00:00"}
{"user": "admin@admin.com", "path": "/dashboard/", "time_visited": "2024-09-24T07:34:31.835914+00:00"}
{"user": "admin@admin.com", "path": "/dashboard/", "time_visited": "2024-09-24T07:34:48.139523+00:00"}
{"user": "admin@admin.com", "path": "/dashboard/community", "time_visited": "2024-09-24T07:35:14.359947+00:00"}
{"user": "admin@admin.com", "path": "/dashboard/users", "time_visited": "2024-09-24T07:35:21.401090+00:00"}
{"user": "admin@admin.com", "path": "/dashboard/users", "time_visited": "2024-09-24T07:35:40.095512+00:00"}
{"user": "admin@admin.com", "path": "/dashboard/users", "time_visited": "2024-09-24T07:35:42.665225+00:00"}
{"user": "admin@admin.com", "path": "/dashboard/brand", "time_visited": "2024-09-24T07:35:45.645641+00:00"}
{"user": "admin@admin.com", "path": "/dashboard/users", "time_visited": "2024-09-24T07:35:50.062228+00:00"}
{"user": "admin@admin.com", "path": "/login", "time_visited": "2024-09-24T07:37:37.273965+00:00"}
{"user": "admin@admin.com", "path": "/dashboard/", "time_visited": "2024-09-24T07:37:37.317151+00:00"}
{"user": "admin@admin.com", "path": "/admin/", "time_visited": "2024-09-24T07:37:54.899187+00:00"}
{"user": "admin@admin.com", "path": "/admin/main_app/user/", "time_visited": "2024-09-24T07:37:56.942176+00:00"}
{"user": "admin@admin.com", "path": "/admin/jsi18n/", "time_visited": "2024-09-24T07:37:56.992631+00:00"}
{"user": "admin@admin.com", "path": "/dashboard/", "time_visited": "2024-09-24T07:38:07.697377+00:00"}
{"user": "admin@admin.com", "path": "/admin/main_app/user/42/change/", "time_visited": "2024-09-24T07:38:08.836988+00:00"}
{"user": "admin@admin.com", "path": "/admin/jsi18n/", "time_visited": "2024-09-24T07:38:09.112484+00:00"}
{"user": "admin@admin.com", "path": "/dashboard/", "time_visited": "2024-09-24T07:38:23.786913+00:00"}
{"user": "admin@admin.com", "path": "/admin/main_app/user/42/change/", "time_visited": "2024-09-24T07:38:44.479847+00:00"}
{"user": "admin@admin.com", "path": "/admin/jsi18n/", "time_visited": "2024-09-24T07:38:44.685610+00:00"}
{"user": "admin@admin.com", "path": "/admin/main_app/user/42/change/", "time_visited": "2024-09-24T07:38:56.120378+00:00"}
{"user": "admin@admin.com", "path": "/admin/main_app/user/", "time_visited": "2024-09-24T07:38:56.275959+00:00"}
{"user": "admin@admin.com", "path": "/admin/jsi18n/", "time_visited": "2024-09-24T07:38:56.425249+00:00"}
{"user": "admin@admin.com", "path": "/admin/main_app/user/42/change/", "time_visited": "2024-09-24T07:39:34.317908+00:00"}
{"user": "admin@admin.com", "path": "/admin/jsi18n/", "time_visited": "2024-09-24T07:39:34.450980+00:00"}
{"user": "miti@ebcoriginals.com", "path": "/login", "time_visited": "2024-09-24T07:40:11.367563+00:00"}
{"user": "miti@ebcoriginals.com", "path": "/splash", "time_visited": "2024-09-24T07:40:11.384496+00:00"}
{"user": "miti@ebcoriginals.com", "path": "/", "time_visited": "2024-09-24T07:40:14.560063+00:00"}
{"user": "admin@admin.com", "path": "/admin/main_app/user/42/change/", "time_visited": "2024-09-24T07:40:19.396900+00:00"}
{"user": "admin@admin.com", "path": "/admin/jsi18n/", "time_visited": "2024-09-24T07:40:19.444716+00:00"}
{"user": "miti@ebcoriginals.com", "path": "/category/Materials", "time_visited": "2024-09-24T07:40:22.463075+00:00"}
{"user": "miti@ebcoriginals.com", "path": "/category/Materials/Home decor", "time_visited": "2024-09-24T07:40:23.514481+00:00"}
{"user": "miti@ebcoriginals.com", "path": "/category/Materials/Home decor/Rugs", "time_visited": "2024-09-24T07:40:24.365952+00:00"}
{"user": "miti@ebcoriginals.com", "path": "/material-provider/Materials/Home decor/Rugs/265964", "time_visited": "2024-09-24T07:40:25.435238+00:00"}
{"user": "miti@ebcoriginals.com", "path": "/category/Materials/Furniture", "time_visited": "2024-09-24T07:40:31.320191+00:00"}
{"user": "miti@ebcoriginals.com", "path": "/category/Materials/Furniture/Bespoke", "time_visited": "2024-09-24T07:40:32.429477+00:00"}
{"user": "miti@ebcoriginals.com", "path": "/material-provider/Materials/Furniture/Bespoke/715438", "time_visited": "2024-09-24T07:40:33.164081+00:00"}
{"user": "admin@admin.com", "path": "/", "time_visited": "2024-09-24T07:40:45.023739+00:00"}
{"user": "admin@admin.com", "path": "/login", "time_visited": "2024-09-24T07:40:46.146119+00:00"}
{"user": "admin@admin.com", "path": "/dashboard/", "time_visited": "2024-09-24T07:40:46.168044+00:00"}
{"user": "admin@admin.com", "path": "/dashboard/users", "time_visited": "2024-09-24T07:40:51.997204+00:00"}
{"user": "admin@admin.com", "path": "/admin/main_app/user/42/change/", "time_visited": "2024-09-24T07:41:12.308282+00:00"}
{"user": "admin@admin.com", "path": "/admin/main_app/user/", "time_visited": "2024-09-24T07:41:12.446767+00:00"}
{"user": "admin@admin.com", "path": "/admin/jsi18n/", "time_visited": "2024-09-24T07:41:12.550091+00:00"}
{"user": "miti@ebcoriginals.com", "path": "/category/Materials/Furniture/International", "time_visited": "2024-09-24T07:41:13.656674+00:00"}
{"user": "admin@admin.com", "path": "/dashboard/users", "time_visited": "2024-09-24T07:41:13.930496+00:00"}
{"user": "miti@ebcoriginals.com", "path": "/category/Materials/Furniture/International/European", "time_visited": "2024-09-24T07:41:14.593439+00:00"}
{"user": "miti@ebcoriginals.com", "path": "/category/Materials/Furniture/International/China", "time_visited": "2024-09-24T07:41:17.230607+00:00"}
{"user": "miti@ebcoriginals.com", "path": "/material-provider/Materials/Furniture/International/China/562976", "time_visited": "2024-09-24T07:41:19.789469+00:00"}
{"user": "miti@ebcoriginals.com", "path": "/category/Materials/Flooring", "time_visited": "2024-09-24T07:41:27.655458+00:00"}
{"user": "miti@ebcoriginals.com", "path": "/category/Materials/Flooring/Carpet", "time_visited": "2024-09-24T07:41:29.346363+00:00"}
{"user": "miti@ebcoriginals.com", "path": "/category/Materials/Flooring/Carpet/International", "time_visited": "2024-09-24T07:41:30.237087+00:00"}
{"user": "miti@ebcoriginals.com", "path": "/category/Materials/Flooring/Marble", "time_visited": "2024-09-24T07:41:33.479943+00:00"}
{"user": "miti@ebcoriginals.com", "path": "/material-provider/Materials/Flooring/Marble/149391", "time_visited": "2024-09-24T07:41:34.407795+00:00"}
{"user": "miti@ebcoriginals.com", "path": "/", "time_visited": "2024-09-24T07:41:39.762678+00:00"}
{"user": "miti@ebcoriginals.com", "path": "/category/Services", "time_visited": "2024-09-24T07:41:41.128538+00:00"}
{"user": "miti@ebcoriginals.com", "path": "/category/Services/Architect", "time_visited": "2024-09-24T07:41:43.265269+00:00"}
{"user": "miti@ebcoriginals.com", "path": "/category/Services/Architect/Commercial", "time_visited": "2024-09-24T07:41:45.220198+00:00"}
{"user": "miti@ebcoriginals.com", "path": "/service-provider/Services/Architect/Commercial/297670", "time_visited": "2024-09-24T07:41:46.105093+00:00"}
{"user": "miti@ebcoriginals.com", "path": "/service-provider/Services/Architect/Commercial/media/brand_logos/Screenshot_2024-08-13_143430.png", "time_visited": "2024-09-24T07:41:46.163015+00:00"}
{"user": "miti@ebcoriginals.com", "path": "/category/Services/Architect/Hospitality", "time_visited": "2024-09-24T07:41:51.535096+00:00"}
{"user": "miti@ebcoriginals.com", "path": "/category/Services/Architect/Landscape", "time_visited": "2024-09-24T07:41:54.190500+00:00"}
{"user": "miti@ebcoriginals.com", "path": "/material-provider/Services/Architect/Landscape/318169", "time_visited": "2024-09-24T07:41:55.153150+00:00"}
{"user": "miti@ebcoriginals.com", "path": "/category/Services/Architect/Residential", "time_visited": "2024-09-24T07:41:58.513087+00:00"}
{"user": "miti@ebcoriginals.com", "path": "/category/Services", "time_visited": "2024-09-24T07:42:00.958944+00:00"}
{"user": "miti@ebcoriginals.com", "path": "/category/Services/Interior Designer", "time_visited": "2024-09-24T07:42:02.279851+00:00"}
{"user": "miti@ebcoriginals.com", "path": "/category/Services/Interior Designer/Commercial", "time_visited": "2024-09-24T07:42:04.824070+00:00"}
{"user": "miti@ebcoriginals.com", "path": "/category/Services/Interior Designer/Hospitality", "time_visited": "2024-09-24T07:42:07.705436+00:00"}
{"user": "miti@ebcoriginals.com", "path": "/category/Services/Interior Designer/Landscape", "time_visited": "2024-09-24T07:42:11.782198+00:00"}
{"user": "miti@ebcoriginals.com", "path": "/category/Services/Interior Designer/Residential", "time_visited": "2024-09-24T07:42:14.450427+00:00"}
{"user": "miti@ebcoriginals.com", "path": "/category/Services/Interior Designer/Retail", "time_visited": "2024-09-24T07:42:17.922326+00:00"}
{"user": "admin@admin.com", "path": "/category/Services", "time_visited": "2024-09-24T07:42:18.363470+00:00"}
{"user": "miti@ebcoriginals.com", "path": "/category/Services/Consultants", "time_visited": "2024-09-24T07:42:20.782067+00:00"}
{"user": "miti@ebcoriginals.com", "path": "/category/Services/Consultants/Industrial Designer", "time_visited": "2024-09-24T07:42:21.891038+00:00"}
{"user": "miti@ebcoriginals.com", "path": "/category/Services/Consultants/Wall Covering Consultant", "time_visited": "2024-09-24T07:42:24.031650+00:00"}
{"user": "miti@ebcoriginals.com", "path": "/category/Services/Consultants/Residential Furniture Consultant", "time_visited": "2024-09-24T07:42:25.894824+00:00"}
{"user": "miti@ebcoriginals.com", "path": "/category/Services/Architect", "time_visited": "2024-09-24T07:42:28.291331+00:00"}
{"user": "miti@ebcoriginals.com", "path": "/category/Services/Architect/Commercial", "time_visited": "2024-09-24T07:42:29.560669+00:00"}
{"user": "miti@ebcoriginals.com", "path": "/category/Services/Architect/Hospitality", "time_visited": "2024-09-24T07:42:32.082701+00:00"}
{"user": "miti@ebcoriginals.com", "path": "/category/Services/Architect/Landscape", "time_visited": "2024-09-24T07:42:34.807342+00:00"}
{"user": "miti@ebcoriginals.com", "path": "/category/Services/Architect/Residential", "time_visited": "2024-09-24T07:42:37.437367+00:00"}
{"user": "miti@ebcoriginals.com", "path": "/category/Services/Architect/Retail", "time_visited": "2024-09-24T07:42:40.111571+00:00"}
{"user": "miti@ebcoriginals.com", "path": "/", "time_visited": "2024-09-24T07:42:43.628608+00:00"}
{"user": "miti@ebcoriginals.com", "path": "/category/Materials", "time_visited": "2024-09-24T07:42:44.859779+00:00"}
{"user": "miti@ebcoriginals.com", "path": "/category/Materials/Home decor", "time_visited": "2024-09-24T07:42:46.317930+00:00"}
{"user": "miti@ebcoriginals.com", "path": "/category/Materials/Home decor/Rugs", "time_visited": "2024-09-24T07:42:47.266516+00:00"}
{"user": "miti@ebcoriginals.com", "path": "/category/Materials/Furniture", "time_visited": "2024-09-24T07:42:58.835605+00:00"}
{"user": "miti@ebcoriginals.com", "path": "/category/Materials/Furniture/Bespoke", "time_visited": "2024-09-24T07:43:00.094308+00:00"}
{"user": "admin@admin.com", "path": "/", "time_visited": "2024-09-24T07:43:01.905772+00:00"}
{"user": "miti@ebcoriginals.com", "path": "/category/Materials/Furniture/International", "time_visited": "2024-09-24T07:43:02.673657+00:00"}
{"user": "admin@admin.com", "path": "/category/Materials", "time_visited": "2024-09-24T07:43:03.483598+00:00"}
{"user": "miti@ebcoriginals.com", "path": "/category/Materials/Furniture/International/China", "time_visited": "2024-09-24T07:43:03.910373+00:00"}
{"user": "admin@admin.com", "path": "/category/Materials/Home decor", "time_visited": "2024-09-24T07:43:07.394122+00:00"}
{"user": "miti@ebcoriginals.com", "path": "/category/Materials/Flooring", "time_visited": "2024-09-24T07:43:08.352216+00:00"}
{"user": "admin@admin.com", "path": "/category/Materials/Home decor/Rugs", "time_visited": "2024-09-24T07:43:09.369115+00:00"}
{"user": "miti@ebcoriginals.com", "path": "/category/Materials/Flooring/Carpet", "time_visited": "2024-09-24T07:43:09.985565+00:00"}
{"user": "miti@ebcoriginals.com", "path": "/", "time_visited": "2024-09-24T07:43:12.680946+00:00"}
{"user": "admin@admin.com", "path": "/dashboard/", "time_visited": "2024-09-24T07:43:28.684792+00:00"}
{"user": "admin@admin.com", "path": "/dashboard/brand", "time_visited": "2024-09-24T07:44:37.960243+00:00"}
{"user": "admin@admin.com", "path": "/material-provider", "time_visited": "2024-09-24T07:44:40.297423+00:00"}
{"user": "admin@admin.com", "path": "/dashboard/", "time_visited": "2024-09-24T07:45:00.811553+00:00"}
{"user": "admin@admin.com", "path": "/dashboard/category", "time_visited": "2024-09-24T07:45:15.491018+00:00"}
{"user": "admin@admin.com", "path": "/dashboard/users", "time_visited": "2024-09-24T07:45:25.135776+00:00"}
{"user": "admin@admin.com", "path": "/dashboard/brand", "time_visited": "2024-09-24T07:45:30.142436+00:00"}
{"user": "admin@admin.com", "path": "/dashboard/edit-brand/698498", "time_visited": "2024-09-24T07:46:02.233747+00:00"}
{"user": "admin@admin.com", "path": "/", "time_visited": "2024-09-24T07:57:26.487404+00:00"}
